  ****************************************************
  *    USAF STABILITY AND CONTROL  DIGITAL DATCOM    *
  *    PROGRAM REV. JAN 96   DIRECT INQUIRIES TO:    *
  *    WRIGHT LABORATORY  (WL/FIGC)  ATTN: W. BLAKE  *
  *      WRIGHT PATTERSON AFB, OHIO  45433           *
  *    PHONE (513) 255-6764,   FAX (513) 258-4054    *
  ****************************************************
1                         CONERR - INPUT ERROR CHECKING
0 ERROR CODES - N* DENOTES THE NUMBER OF OCCURENCES OF EACH ERROR
0 A - UNKNOWN VARIABLE NAME
0 B - MISSING EQUAL SIGN FOLLOWING VARIABLE NAME
0 C - NON-ARRAY VARIABLE HAS AN ARRAY ELEMENT DESIGNATION - (N)
0 D - NON-ARRAY VARIABLE HAS MULTIPLE VALUES ASSIGNED
0 E - ASSIGNED VALUES EXCEED ARRAY DIMENSION
0 F - SYNTAX ERROR

0******************************  INPUT DATA CARDS  ******************************

 DERIV DEG                                                                       
 DIM M                                                                           
 DAMP                                                                            
  $FLTCON NMACH= 1.0, MACH(1)=0.058,                                             
          NALT=1.0, ALT(1)=0.0,                                                  
          NALPHA= 1.0, LOOP=2.0,                                                 
          ALSCHD(1)= 0.0$                                                        
  $OPTINS SREF= 0.36, CBARR= 0.2, BLREF= 2.0, ROUGFC=0.02E-3$                    
  $SYNTHS XCG= 0.37, ZCG= 0.00197,                                               
          XW=0.060,   ZW=0.041,                                                  
          XV=0.965,   ZV=0.0077,                                                 
          XH=0.990,   ZH=0.0077, SCALE=1.0$                                      
  $BODY NX=20.0,ITYPE=1.0,BNOSE=1.0,BTAIL=1.0,                                   
     X(1)=  0.0, 0.0068, 0.0273, 0.0612, 0.1084,                                 
            0.1685, 0.2411, 0.3257, 0.4217, 0.5286,                              
            0.6454, 0.7716, 0.9061, 1.0481, 1.1966,                              
            1.3506, 1.5090, 1.6708, 1.8348, 2.0000,                              
     R(1)= 0.0, 0.0068, 0.0132, 0.0191, 0.0245,                                  
           0.0293, 0.0333, 0.0364, 0.0386, 0.0398,                               
           0.0399, 0.0390, 0.0371, 0.0342, 0.0305,                               
           0.0260, 0.0208, 0.0148, 0.0082, 0.0008,                               
     ZU(1)= 0.0, 0.0068, 0.0132, 0.0191, 0.0245,                                 
           0.0293, 0.0333, 0.0364, 0.0386, 0.0398,                               
           0.0399, 0.0390, 0.0371, 0.0342, 0.0305,                               
           0.0260, 0.0208, 0.0148, 0.0082, 0.0008,                               
     ZL(1)= -0.0, -0.0068, -0.0132, -0.0191, -0.0245,                            
           -0.0293, -0.0333, -0.0364, -0.0386, -0.0398,                          
           -0.0399, -0.0390, -0.0371, -0.0342, -0.0305,                          
           -0.0260, -0.0208, -0.0148, -0.0082, -0.0008,                          
     METHOD=1.0$                                                                 
  $WGPLNF CHRDR= 0.200, CHRDBP= 0.200, CHRDTP=0.140,                             
          SSPN=0.100,  SSPNE= 0.976,  SSPNOP=0.555,                              
          SAVSI=0.0,  SAVSO=2.2486,                                              
          CHSTAT=0.0, TWISTA=0.0,                                                
          DHDADI=1.5, DHDADO=1.5,                                                
          TYPE=1.0$                                                              
  $WGSCHR TOVC=0.117, XOVC=28.0, CAMBER=.TRUE., YCM=3.4,                         
          TYPEIN=1.0, NPTS=50.0, DWASH=1.0,                                      
          XCORD(1)= 0.0000, 0.0005, 0.0010, 0.0020, 0.0040,                      
                    0.0080, 0.0120, 0.0200, 0.0300, 0.0400,                      
                    0.0500, 0.0800, 0.1000, 0.1200, 0.1400,                      
                    0.1600, 0.1800, 0.2000, 0.2200, 0.2600,                      
                    0.3000, 0.3400, 0.4000, 0.4200, 0.4400,                      
                    0.4800, 0.5000, 0.5400, 0.5800, 0.6000,                      
                    0.6200, 0.6800, 0.7000, 0.7200, 0.7400,                      
                    0.7600, 0.7800, 0.8000, 0.8200, 0.8400,                      
                    0.8600, 0.8800, 0.9000, 0.9200, 0.9400,                      
                    0.9600, 0.9700, 0.9800, 0.9900, 1.0000,                      
          YUPPER(1)=  0.0000, 0.0023, 0.0037, 0.0058, 0.0089,                    
                      0.0137, 0.0179, 0.0254, 0.0330, 0.0391,                    
                      0.0443, 0.0564, 0.0630, 0.0686, 0.0734,                    
                      0.0776, 0.0811, 0.0839, 0.0861, 0.0891,                    
                      0.0907, 0.0915, 0.0912, 0.0906, 0.0897,                    
                      0.0874, 0.0859, 0.0824, 0.0781, 0.0758,                    
                      0.0732, 0.0646, 0.0614, 0.0582, 0.0548,                    
                      0.0513, 0.0476, 0.0439, 0.0400, 0.0361,                    
                      0.0320, 0.0278, 0.0235, 0.0191, 0.0146,                    
                      0.0100, 0.0077, 0.0053, 0.0030, 0.0006,                    
          YLOWER(1)= -0.0000, -0.0047, -0.0059, -0.0078, -0.0105,                
                     -0.0143, -0.0170, -0.0203, -0.0226, -0.0245,                
                     -0.0260, -0.0285, -0.0294, -0.0300, -0.0302,                
                     -0.0303, -0.0300, -0.0297, -0.0291, -0.0278,                
                     -0.0263, -0.0248, -0.0226, -0.0219, -0.0212,                
                     -0.0197, -0.0190, -0.0175, -0.0160, -0.0153,                
                     -0.0146, -0.0124, -0.0116, -0.0109, -0.0101,                
                     -0.0094, -0.0087, -0.0079, -0.0072, -0.0065,                
                     -0.0057, -0.0050, -0.0043, -0.0035, -0.0028,                
                     -0.0021, -0.0017, -0.0013, -0.0010, -0.0006$                
 NACA-V-4-0006                                                                   
  $VTPLNF CHRDR=0.20, CHRDTP=0.10,                                               
          SSPN=0.1727,  SSPNE=0.16,                                              
          SAVSI=0.35108, TYPE=1.0$                                               
 NACA-H-4-0006                                                                   
  $HTPLNF CHRDR=0.122, CHRDBP=0.122, CHRDTP=0.075,                               
          SSPN=0.2425, SSPNE=0.2285, SSPNOP=0.0925,                              
          SAVSI=0.0, SAVSO=26.935, TWISTA=-0.5, TYPE=1.0$                        
 CASEID TOTAL: Glider                                                            
1          THE FOLLOWING IS A LIST OF ALL INPUT CARDS FOR THIS CASE.
0
 DERIV DEG                                                                       
 DIM M                                                                           
 DAMP                                                                            
  $FLTCON NMACH= 1.0, MACH(1)=0.058,                                             
          NALT=1.0, ALT(1)=0.0,                                                  
          NALPHA= 1.0, LOOP=2.0,                                                 
          ALSCHD(1)= 0.0$                                                        
  $OPTINS SREF= 0.36, CBARR= 0.2, BLREF= 2.0, ROUGFC=0.02E-3$                    
  $SYNTHS XCG= 0.37, ZCG= 0.00197,                                               
          XW=0.060,   ZW=0.041,                                                  
          XV=0.965,   ZV=0.0077,                                                 
          XH=0.990,   ZH=0.0077, SCALE=1.0$                                      
  $BODY NX=20.0,ITYPE=1.0,BNOSE=1.0,BTAIL=1.0,                                   
     X(1)=  0.0, 0.0068, 0.0273, 0.0612, 0.1084,                                 
            0.1685, 0.2411, 0.3257, 0.4217, 0.5286,                              
            0.6454, 0.7716, 0.9061, 1.0481, 1.1966,                              
            1.3506, 1.5090, 1.6708, 1.8348, 2.0000,                              
     R(1)= 0.0, 0.0068, 0.0132, 0.0191, 0.0245,                                  
           0.0293, 0.0333, 0.0364, 0.0386, 0.0398,                               
           0.0399, 0.0390, 0.0371, 0.0342, 0.0305,                               
           0.0260, 0.0208, 0.0148, 0.0082, 0.0008,                               
     ZU(1)= 0.0, 0.0068, 0.0132, 0.0191, 0.0245,                                 
           0.0293, 0.0333, 0.0364, 0.0386, 0.0398,                               
           0.0399, 0.0390, 0.0371, 0.0342, 0.0305,                               
           0.0260, 0.0208, 0.0148, 0.0082, 0.0008,                               
     ZL(1)= -0.0, -0.0068, -0.0132, -0.0191, -0.0245,                            
           -0.0293, -0.0333, -0.0364, -0.0386, -0.0398,                          
           -0.0399, -0.0390, -0.0371, -0.0342, -0.0305,                          
           -0.0260, -0.0208, -0.0148, -0.0082, -0.0008,                          
     METHOD=1.0$                                                                 
  $WGPLNF CHRDR= 0.200, CHRDBP= 0.200, CHRDTP=0.140,                             
          SSPN=0.100,  SSPNE= 0.976,  SSPNOP=0.555,                              
          SAVSI=0.0,  SAVSO=2.2486,                                              
          CHSTAT=0.0, TWISTA=0.0,                                                
          DHDADI=1.5, DHDADO=1.5,                                                
          TYPE=1.0$                                                              
  $WGSCHR TOVC=0.117, XOVC=28.0, CAMBER=.TRUE., YCM=3.4,                         
          TYPEIN=1.0, NPTS=50.0, DWASH=1.0,                                      
          XCORD(1)= 0.0000, 0.0005, 0.0010, 0.0020, 0.0040,                      
                    0.0080, 0.0120, 0.0200, 0.0300, 0.0400,                      
                    0.0500, 0.0800, 0.1000, 0.1200, 0.1400,                      
                    0.1600, 0.1800, 0.2000, 0.2200, 0.2600,                      
                    0.3000, 0.3400, 0.4000, 0.4200, 0.4400,                      
                    0.4800, 0.5000, 0.5400, 0.5800, 0.6000,                      
                    0.6200, 0.6800, 0.7000, 0.7200, 0.7400,                      
                    0.7600, 0.7800, 0.8000, 0.8200, 0.8400,                      
                    0.8600, 0.8800, 0.9000, 0.9200, 0.9400,                      
                    0.9600, 0.9700, 0.9800, 0.9900, 1.0000,                      
          YUPPER(1)=  0.0000, 0.0023, 0.0037, 0.0058, 0.0089,                    
                      0.0137, 0.0179, 0.0254, 0.0330, 0.0391,                    
                      0.0443, 0.0564, 0.0630, 0.0686, 0.0734,                    
                      0.0776, 0.0811, 0.0839, 0.0861, 0.0891,                    
                      0.0907, 0.0915, 0.0912, 0.0906, 0.0897,                    
                      0.0874, 0.0859, 0.0824, 0.0781, 0.0758,                    
                      0.0732, 0.0646, 0.0614, 0.0582, 0.0548,                    
                      0.0513, 0.0476, 0.0439, 0.0400, 0.0361,                    
                      0.0320, 0.0278, 0.0235, 0.0191, 0.0146,                    
                      0.0100, 0.0077, 0.0053, 0.0030, 0.0006,                    
          YLOWER(1)= -0.0000, -0.0047, -0.0059, -0.0078, -0.0105,                
                     -0.0143, -0.0170, -0.0203, -0.0226, -0.0245,                
                     -0.0260, -0.0285, -0.0294, -0.0300, -0.0302,                
                     -0.0303, -0.0300, -0.0297, -0.0291, -0.0278,                
                     -0.0263, -0.0248, -0.0226, -0.0219, -0.0212,                
                     -0.0197, -0.0190, -0.0175, -0.0160, -0.0153,                
                     -0.0146, -0.0124, -0.0116, -0.0109, -0.0101,                
                     -0.0094, -0.0087, -0.0079, -0.0072, -0.0065,                
                     -0.0057, -0.0050, -0.0043, -0.0035, -0.0028,                
                     -0.0021, -0.0017, -0.0013, -0.0010, -0.0006$                
 NACA-V-4-0006                                                                   
  $VTPLNF CHRDR=0.20, CHRDTP=0.10,                                               
          SSPN=0.1727,  SSPNE=0.16,                                              
          SAVSI=0.35108, TYPE=1.0$                                               
 NACA-H-4-0006                                                                   
  $HTPLNF CHRDR=0.122, CHRDBP=0.122, CHRDTP=0.075,                               
          SSPN=0.2425, SSPNE=0.2285, SSPNOP=0.0925,                              
          SAVSI=0.0, SAVSO=26.935, TWISTA=-0.5, TYPE=1.0$                        
 CASEID TOTAL: Glider                                                            
0 INPUT DIMENSIONS ARE IN M , SCALE FACTOR IS 1.0000

1                             AUTOMATED STABILITY AND CONTROL METHODS PER APRIL 1976 VERSION OF DATCOM   
                                                        USER DEFINED WING SECTION
     UPPER ABSCISSA     UPPER ORDINATE     LOWER ABSCISSA     LOWER ORDINATE      X-FRACTION CHORD    MEAN LINE    THICKNESS
         0.00000            0.00000           0.00000           0.00000              0.00000           0.00000       0.00000
         0.00309            0.00115          -0.00209          -0.00355              0.00050          -0.00120       0.00700
         0.00021            0.00363           0.00179          -0.00583              0.00100          -0.00110       0.00960
         0.00132            0.00577           0.00268          -0.00777              0.00200          -0.00100       0.01360
         0.00296            0.00884           0.00504          -0.01044              0.00400          -0.00080       0.01940
         0.00584            0.01353           0.01016          -0.01413              0.00800          -0.00030       0.02800
         0.00837            0.01752           0.01563          -0.01662              0.01200           0.00045       0.03490
         0.01418            0.02465           0.02582          -0.01955              0.02000           0.00255       0.04570
         0.02358            0.03225           0.03642          -0.02185              0.03000           0.00520       0.05560
         0.03384            0.03850           0.04616          -0.02390              0.04000           0.00730       0.06360
         0.04381            0.04375           0.05619          -0.02545              0.05000           0.00915       0.07030
         0.07372            0.05593           0.08628          -0.02803              0.08000           0.01395       0.08490
         0.09388            0.06259           0.10612          -0.02899              0.10000           0.01680       0.09240
         0.11413            0.06825           0.12587          -0.02965              0.12000           0.01930       0.09860
         0.13440            0.07310           0.14560          -0.02990              0.14000           0.02160       0.10360
         0.15470            0.07734           0.16530          -0.03004              0.16000           0.02365       0.10790
         0.17523            0.08089           0.18477          -0.02979              0.18000           0.02555       0.11110
         0.19582            0.08375           0.20418          -0.02955              0.20000           0.02710       0.11360
         0.21629            0.08598           0.22371          -0.02898              0.22000           0.02850       0.11520
         0.25730            0.08904           0.26270          -0.02774              0.26000           0.03065       0.11690
         0.29803            0.09067           0.30197          -0.02627              0.30000           0.03220       0.11700
         0.33863            0.09148           0.34137          -0.02478              0.34000           0.03335       0.11630
         0.39967            0.09120           0.40033          -0.02260              0.40000           0.03430       0.11380
         0.42007            0.09060           0.41993          -0.02190              0.42000           0.03435       0.11250
         0.44037            0.08970           0.43963          -0.02120              0.44000           0.03425       0.11090
         0.48089            0.08739           0.47911          -0.01969              0.48000           0.03385       0.10710
         0.50114            0.08589           0.49886          -0.01899              0.50000           0.03345       0.10490
         0.54150            0.08238           0.53850          -0.01748              0.54000           0.03245       0.09990
         0.58180            0.07807           0.57820          -0.01597              0.58000           0.03105       0.09410
         0.60199            0.07576           0.59801          -0.01526              0.60000           0.03025       0.09110
         0.62215            0.07315           0.61785          -0.01455              0.62000           0.02930       0.08780
         0.68224            0.06453           0.67776          -0.01233              0.68000           0.02610       0.07700
         0.70223            0.06133           0.69777          -0.01153              0.70000           0.02490       0.07300
         0.72220            0.05813           0.71780          -0.01083              0.72000           0.02365       0.06910
         0.74219            0.05473           0.73781          -0.01003              0.74000           0.02235       0.06490
         0.76219            0.05122           0.75781          -0.00932              0.76000           0.02095       0.06070
         0.78207            0.04752           0.77793          -0.00862              0.78000           0.01945       0.05630
         0.80197            0.04383           0.79803          -0.00783              0.80000           0.01800       0.05180
         0.82188            0.03992           0.81812          -0.00712              0.82000           0.01640       0.04720
         0.84172            0.03603           0.83828          -0.00643              0.84000           0.01480       0.04260
         0.86160            0.03193           0.85840          -0.00563              0.86000           0.01315       0.03770
         0.88145            0.02774           0.87855          -0.00494              0.88000           0.01140       0.03280
         0.90125            0.02344           0.89875          -0.00424              0.90000           0.00960       0.02780
         0.92104            0.01905           0.91896          -0.00345              0.92000           0.00780       0.02260
         0.94083            0.01456           0.93917          -0.00276              0.94000           0.00590       0.01740
         0.96058            0.00997           0.95942          -0.00207              0.96000           0.00395       0.01210
         0.97046            0.00768           0.96954          -0.00168              0.97000           0.00300       0.00940
         0.98033            0.00528           0.97967          -0.00128              0.98000           0.00200       0.00660
         0.99020            0.00299           0.98980          -0.00099              0.99000           0.00100       0.00400
         1.00000            0.00000           1.00000           0.00000              1.00000           0.00000       0.00000
1                             AUTOMATED STABILITY AND CONTROL METHODS PER APRIL 1976 VERSION OF DATCOM   
                                                        WING SECTION DEFINITION
0                                 IDEAL ANGLE OF ATTACK =  -0.28024 DEG.

                              ZERO LIFT ANGLE OF ATTACK =  -3.05773 DEG.

                                 IDEAL LIFT COEFFICIENT =   0.33960

                  ZERO LIFT PITCHING MOMENT COEFFICIENT =  -0.08003

                             MACH ZERO LIFT-CURVE-SLOPE =   0.09669 /DEG.

                                    LEADING EDGE RADIUS =   0.01250 FRACTION CHORD

                              MAXIMUM AIRFOIL THICKNESS =   0.11700 FRACTION CHORD

                                                DELTA-Y =   3.17833 PERCENT CHORD


0                         MACH= 0.0580 LIFT-CURVE-SLOPE =   0.09680 /DEG.      XAC =   0.25892
1                             AUTOMATED STABILITY AND CONTROL METHODS PER APRIL 1976 VERSION OF DATCOM   
                                                   HORIZONTAL TAIL SECTION DEFINITION
0                                 IDEAL ANGLE OF ATTACK =   0.00000 DEG.

                              ZERO LIFT ANGLE OF ATTACK =   0.00000 DEG.

                                 IDEAL LIFT COEFFICIENT =   0.00000

                  ZERO LIFT PITCHING MOMENT COEFFICIENT =   0.00000

                             MACH ZERO LIFT-CURVE-SLOPE =   0.10030 /DEG.

                                    LEADING EDGE RADIUS =   0.00397 FRACTION CHORD

                              MAXIMUM AIRFOIL THICKNESS =   0.06000 FRACTION CHORD

                                                DELTA-Y =   1.58449 PERCENT CHORD


0                         MACH= 0.0580 LIFT-CURVE-SLOPE =   0.10046 /DEG.      XAC =   0.25459
1                             AUTOMATED STABILITY AND CONTROL METHODS PER APRIL 1976 VERSION OF DATCOM   
                                                    VERTICAL TAIL SECTION DEFINITION
0                                 IDEAL ANGLE OF ATTACK =   0.00000 DEG.

                              ZERO LIFT ANGLE OF ATTACK =   0.00000 DEG.

                                 IDEAL LIFT COEFFICIENT =   0.00000

                  ZERO LIFT PITCHING MOMENT COEFFICIENT =   0.00000

                             MACH ZERO LIFT-CURVE-SLOPE =   0.10030 /DEG.

                                    LEADING EDGE RADIUS =   0.00397 FRACTION CHORD

                              MAXIMUM AIRFOIL THICKNESS =   0.06000 FRACTION CHORD

                                                DELTA-Y =   1.58449 PERCENT CHORD


0                         MACH= 0.0580 LIFT-CURVE-SLOPE =   0.10046 /DEG.      XAC =   0.25459
 WARNING*** BODY ALONE DYNAMIC DERIVATIVE METHOD VALID FOR NOSE CYLINDER ONLY
            TAIL EFFECTS IGNORED]
1                               AUTOMATED STABILITY AND CONTROL METHODS PER APRIL 1976 VERSION OF DATCOM
                                         CHARACTERISTICS AT ANGLE OF ATTACK AND IN SIDESLIP
                                        WING-BODY-VERTICAL TAIL-HORIZONTAL TAIL CONFIGURATION
                                                           TOTAL: Glider
 
 -----------------------  FLIGHT CONDITIONS  ------------------------           --------------  REFERENCE DIMENSIONS  ------------
  MACH    ALTITUDE   VELOCITY    PRESSURE    TEMPERATURE     REYNOLDS             REF.      REFERENCE LENGTH   MOMENT REF. CENTER
 NUMBER                                                       NUMBER              AREA       LONG.     LAT.     HORIZ      VERT
              M        M/SEC      N/ M**2       DEG K         1/ M                M**2         M         M         M         M
0 0.058       0.00      19.73   1.0133E+05     288.150     1.3450E+06             0.360      0.200     2.000     0.370     0.002
0                                                               -------------------DERIVATIVE (PER DEGREE)-------------------
0 ALPHA     CD       CL       CM       CN       CA       XCP        CLA          CMA          CYB          CNB          CLB
0
    0.0    0.026    0.257   -NaN      0.257    0.026   -NaN      0.000E+00   -NaN         -1.462E-02    4.354E-03   -5.236E-04
0NOTE - CANARD CONFIGURATION EFFECTIVE EPSOLN AND D(EPSOLN)/D(ALPHA) ARE AVAILABLE AS PARTIAL OUTPUT AND IN THE FACT ARRAY
1                               AUTOMATED STABILITY AND CONTROL METHODS PER APRIL 1976 VERSION OF DATCOM
                                                         DYNAMIC DERIVATIVES
                                        WING-BODY-VERTICAL TAIL-HORIZONTAL TAIL CONFIGURATION
                                                           TOTAL: Glider
 
 -----------------------  FLIGHT CONDITIONS  ------------------------           --------------  REFERENCE DIMENSIONS  ------------
  MACH    ALTITUDE   VELOCITY    PRESSURE    TEMPERATURE     REYNOLDS             REF.      REFERENCE LENGTH   MOMENT REF. CENTER
 NUMBER                                                       NUMBER              AREA       LONG.     LAT.     HORIZ      VERT
              M        M/SEC      N/ M**2       DEG K         1/ M                M**2         M         M         M         M
0 0.058       0.00      19.73   1.0133E+05     288.150     1.3450E+06             0.360      0.200     2.000     0.370     0.002
                                                    DYNAMIC DERIVATIVES (PER DEGREE)
0           -------PITCHING-------    -----ACCELERATION------    --------------ROLLING--------------    --------YAWING--------
0   ALPHA       CLQ          CMQ           CLAD         CMAD         CLP          CYP          CNP          CNR          CLR
0
     0.00   -1.710E-01   -NaN             NDM          NDM       -4.986E-06   -NaN         -NaN         -2.823E-03    1.567E-03
0*** NDM PRINTED WHEN NO DATCOM METHODS EXIST
1 END OF JOB.
