  ****************************************************
  *    USAF STABILITY AND CONTROL  DIGITAL DATCOM    *
  *    PROGRAM REV. JAN 96   DIRECT INQUIRIES TO:    *
  *    WRIGHT LABORATORY  (WL/FIGC)  ATTN: W. BLAKE  *
  *      WRIGHT PATTERSON AFB, OHIO  45433           *
  *    PHONE (513) 255-6764,   FAX (513) 258-4054    *
  ****************************************************
1                         CONERR - INPUT ERROR CHECKING
0 ERROR CODES - N* DENOTES THE NUMBER OF OCCURENCES OF EACH ERROR
0 A - UNKNOWN VARIABLE NAME
0 B - MISSING EQUAL SIGN FOLLOWING VARIABLE NAME
0 C - NON-ARRAY VARIABLE HAS AN ARRAY ELEMENT DESIGNATION - (N)
0 D - NON-ARRAY VARIABLE HAS MULTIPLE VALUES ASSIGNED
0 E - ASSIGNED VALUES EXCEED ARRAY DIMENSION
0 F - SYNTAX ERROR

0******************************  INPUT DATA CARDS  ******************************

 DERIV DEG                                                                       
 DIM M                                                                           
 DAMP                                                                            
  $FLTCON NMACH= 1.0, MACH(1)=0.058,                                             
          NALT=1.0, ALT(1)=0.0,                                                  
          NALPHA= 1.0, LOOP=2.0,                                                 
          ALSCHD(1)= 0.0$                                                        
  $OPTINS SREF= 0.36, CBARR= 0.2, BLREF= 2.0, ROUGFC=0.02E-3$                    
  $SYNTHS XCG= 0.37, ZCG= 0.00197,                                               
          XW=0.60,   ZW=0.041,                                                   
          XV=1.70,   ZV=0.0077,                                                  
          XH=1.841,   ZH=0.2077, SCALE=1.0$                                      
  $BODY NX=20.0,ITYPE=1.0,BNOSE=1.0,BTAIL=1.0,                                   
     X(1)=  0.0, 0.0068, 0.0273, 0.0612, 0.1084,                                 
            0.1685, 0.2411, 0.3257, 0.4217, 0.5286,                              
            0.6454, 0.7716, 0.9061, 1.0481, 1.1966,                              
            1.3506, 1.5090, 1.6708, 1.8348, 2.0000,                              
     R(1)= 0.0, 0.0068, 0.0132, 0.0191, 0.0245,                                  
           0.0293, 0.0333, 0.0364, 0.0386, 0.0398,                               
           0.0399, 0.0390, 0.0371, 0.0342, 0.0305,                               
           0.0260, 0.0208, 0.0148, 0.0082, 0.0008,                               
     ZU(1)= 0.0, 0.0068, 0.0132, 0.0191, 0.0245,                                 
           0.0293, 0.0333, 0.0364, 0.0386, 0.0398,                               
           0.0399, 0.0390, 0.0371, 0.0342, 0.0305,                               
           0.0260, 0.0208, 0.0148, 0.0082, 0.0008,                               
     ZL(1)= -0.0, -0.0068, -0.0132, -0.0191, -0.0245,                            
           -0.0293, -0.0333, -0.0364, -0.0386, -0.0398,                          
           -0.0399, -0.0390, -0.0371, -0.0342, -0.0305,                          
           -0.0260, -0.0208, -0.0148, -0.0082, -0.0008,                          
     METHOD=1.0$                                                                 
     $WGPLNF CHRDR= 0.180, CHRDBP= 0.180, CHRDTP=0.20,                              ** ERROR ** NO NAMELIST NAME FOLLOWING $ 
          SSPN=1.00,  SSPNE= 0.976,  SSPNOP=0.555,                                  ** ERROR ** NO NAMELIST NAME FOLLOWING $ 
          SAVSI=0.0,  SAVSO=0.0,                                                    ** ERROR ** NO NAMELIST NAME FOLLOWING $ 
          CHSTAT=0.0, TWISTA=0.0,                                                   ** ERROR ** NO NAMELIST NAME FOLLOWING $ 
          DHDADI=1.5, DHDADO=1.5,                                                   ** ERROR ** NO NAMELIST NAME FOLLOWING $ 
          TYPE=1.0$                                                                 ** ERROR ** NO NAMELIST NAME FOLLOWING $ 
  $WGSCHR TOVC=0.117, XOVC=28.0, CAMBER=.TRUE., YCM=3.4,                         
          TYPEIN=1.0, NPTS=50.0, DWASH=1.0,                                      
          XCORD(1)= 0.0000, 0.0005, 0.0010, 0.0020, 0.0040,                      
                    0.0080, 0.0120, 0.0200, 0.0300, 0.0400,                      
                    0.0500, 0.0800, 0.1000, 0.1200, 0.1400,                      
                    0.1600, 0.1800, 0.2000, 0.2200, 0.2600,                      
                    0.3000, 0.3400, 0.4000, 0.4200, 0.4400,                      
                    0.4800, 0.5000, 0.5400, 0.5800, 0.6000,                      
                    0.6200, 0.6800, 0.7000, 0.7200, 0.7400,                      
                    0.7600, 0.7800, 0.8000, 0.8200, 0.8400,                      
                    0.8600, 0.8800, 0.9000, 0.9200, 0.9400,                      
                    0.9600, 0.9700, 0.9800, 0.9900, 1.0000,                      
          YUPPER(1)=  0.0000, 0.0023, 0.0037, 0.0058, 0.0089,                    
                      0.0137, 0.0179, 0.0254, 0.0330, 0.0391,                    
                      0.0443, 0.0564, 0.0630, 0.0686, 0.0734,                    
                      0.0776, 0.0811, 0.0839, 0.0861, 0.0891,                    
                      0.0907, 0.0915, 0.0912, 0.0906, 0.0897,                    
                      0.0874, 0.0859, 0.0824, 0.0781, 0.0758,                    
                      0.0732, 0.0646, 0.0614, 0.0582, 0.0548,                    
                      0.0513, 0.0476, 0.0439, 0.0400, 0.0361,                    
                      0.0320, 0.0278, 0.0235, 0.0191, 0.0146,                    
                      0.0100, 0.0077, 0.0053, 0.0030, 0.0006,                    
          YLOWER(1)= -0.0000, -0.0047, -0.0059, -0.0078, -0.0105,                
                     -0.0143, -0.0170, -0.0203, -0.0226, -0.0245,                
                     -0.0260, -0.0285, -0.0294, -0.0300, -0.0302,                
                     -0.0303, -0.0300, -0.0297, -0.0291, -0.0278,                
                     -0.0263, -0.0248, -0.0226, -0.0219, -0.0212,                
                     -0.0197, -0.0190, -0.0175, -0.0160, -0.0153,                
                     -0.0146, -0.0124, -0.0116, -0.0109, -0.0101,                
                     -0.0094, -0.0087, -0.0079, -0.0072, -0.0065,                
                     -0.0057, -0.0050, -0.0043, -0.0035, -0.0028,                
                     -0.0021, -0.0017, -0.0013, -0.0010, -0.0006$                
 NACA-V-4-0006                                                                   
  $VTPLNF CHRDR=0.20, CHRDTP=0.10,                                               
          SSPN=0.20,  SSPNE=0.16,                                                
          SAVSI=35.108, TYPE=1.0$                                                
 NACA-H-4-0006                                                                   
  $HTPLNF CHRDR=0.122, CHRDBP=0.122, CHRDTP=0.075,                               
          SSPN=0.2425, SSPNE=0.2285, SSPNOP=0.0925,                              
          SAVSI=0.0, SAVSO=26.935, TWISTA=-0.5, TYPE=1.0$                        
 CASEID TOTAL: Glider                                                            
1          THE FOLLOWING IS A LIST OF ALL INPUT CARDS FOR THIS CASE.
0
 DERIV DEG                                                                       
 DIM M                                                                           
 DAMP                                                                            
  $FLTCON NMACH= 1.0, MACH(1)=0.058,                                             
          NALT=1.0, ALT(1)=0.0,                                                  
          NALPHA= 1.0, LOOP=2.0,                                                 
          ALSCHD(1)= 0.0$                                                        
  $OPTINS SREF= 0.36, CBARR= 0.2, BLREF= 2.0, ROUGFC=0.02E-3$                    
  $SYNTHS XCG= 0.37, ZCG= 0.00197,                                               
          XW=0.60,   ZW=0.041,                                                   
          XV=1.70,   ZV=0.0077,                                                  
          XH=1.841,   ZH=0.2077, SCALE=1.0$                                      
  $BODY NX=20.0,ITYPE=1.0,BNOSE=1.0,BTAIL=1.0,                                   
     X(1)=  0.0, 0.0068, 0.0273, 0.0612, 0.1084,                                 
            0.1685, 0.2411, 0.3257, 0.4217, 0.5286,                              
            0.6454, 0.7716, 0.9061, 1.0481, 1.1966,                              
            1.3506, 1.5090, 1.6708, 1.8348, 2.0000,                              
     R(1)= 0.0, 0.0068, 0.0132, 0.0191, 0.0245,                                  
           0.0293, 0.0333, 0.0364, 0.0386, 0.0398,                               
           0.0399, 0.0390, 0.0371, 0.0342, 0.0305,                               
           0.0260, 0.0208, 0.0148, 0.0082, 0.0008,                               
     ZU(1)= 0.0, 0.0068, 0.0132, 0.0191, 0.0245,                                 
           0.0293, 0.0333, 0.0364, 0.0386, 0.0398,                               
           0.0399, 0.0390, 0.0371, 0.0342, 0.0305,                               
           0.0260, 0.0208, 0.0148, 0.0082, 0.0008,                               
     ZL(1)= -0.0, -0.0068, -0.0132, -0.0191, -0.0245,                            
           -0.0293, -0.0333, -0.0364, -0.0386, -0.0398,                          
           -0.0399, -0.0390, -0.0371, -0.0342, -0.0305,                          
           -0.0260, -0.0208, -0.0148, -0.0082, -0.0008,                          
     METHOD=1.0$                                                                 
     $WGPLNF CHRDR= 0.180, CHRDBP= 0.180, CHRDTP=0.20,                           
          SSPN=1.00,  SSPNE= 0.976,  SSPNOP=0.555,                               
          SAVSI=0.0,  SAVSO=0.0,                                                 
          CHSTAT=0.0, TWISTA=0.0,                                                
          DHDADI=1.5, DHDADO=1.5,                                                
          TYPE=1.0$                                                              
  $WGSCHR TOVC=0.117, XOVC=28.0, CAMBER=.TRUE., YCM=3.4,                         
          TYPEIN=1.0, NPTS=50.0, DWASH=1.0,                                      
          XCORD(1)= 0.0000, 0.0005, 0.0010, 0.0020, 0.0040,                      
                    0.0080, 0.0120, 0.0200, 0.0300, 0.0400,                      
                    0.0500, 0.0800, 0.1000, 0.1200, 0.1400,                      
                    0.1600, 0.1800, 0.2000, 0.2200, 0.2600,                      
                    0.3000, 0.3400, 0.4000, 0.4200, 0.4400,                      
                    0.4800, 0.5000, 0.5400, 0.5800, 0.6000,                      
                    0.6200, 0.6800, 0.7000, 0.7200, 0.7400,                      
                    0.7600, 0.7800, 0.8000, 0.8200, 0.8400,                      
                    0.8600, 0.8800, 0.9000, 0.9200, 0.9400,                      
                    0.9600, 0.9700, 0.9800, 0.9900, 1.0000,                      
          YUPPER(1)=  0.0000, 0.0023, 0.0037, 0.0058, 0.0089,                    
                      0.0137, 0.0179, 0.0254, 0.0330, 0.0391,                    
                      0.0443, 0.0564, 0.0630, 0.0686, 0.0734,                    
                      0.0776, 0.0811, 0.0839, 0.0861, 0.0891,                    
                      0.0907, 0.0915, 0.0912, 0.0906, 0.0897,                    
                      0.0874, 0.0859, 0.0824, 0.0781, 0.0758,                    
                      0.0732, 0.0646, 0.0614, 0.0582, 0.0548,                    
                      0.0513, 0.0476, 0.0439, 0.0400, 0.0361,                    
                      0.0320, 0.0278, 0.0235, 0.0191, 0.0146,                    
                      0.0100, 0.0077, 0.0053, 0.0030, 0.0006,                    
          YLOWER(1)= -0.0000, -0.0047, -0.0059, -0.0078, -0.0105,                
                     -0.0143, -0.0170, -0.0203, -0.0226, -0.0245,                
                     -0.0260, -0.0285, -0.0294, -0.0300, -0.0302,                
                     -0.0303, -0.0300, -0.0297, -0.0291, -0.0278,                
                     -0.0263, -0.0248, -0.0226, -0.0219, -0.0212,                
                     -0.0197, -0.0190, -0.0175, -0.0160, -0.0153,                
                     -0.0146, -0.0124, -0.0116, -0.0109, -0.0101,                
                     -0.0094, -0.0087, -0.0079, -0.0072, -0.0065,                
                     -0.0057, -0.0050, -0.0043, -0.0035, -0.0028,                
                     -0.0021, -0.0017, -0.0013, -0.0010, -0.0006$                
 NACA-V-4-0006                                                                   
  $VTPLNF CHRDR=0.20, CHRDTP=0.10,                                               
          SSPN=0.20,  SSPNE=0.16,                                                
          SAVSI=35.108, TYPE=1.0$                                                
 NACA-H-4-0006                                                                   
  $HTPLNF CHRDR=0.122, CHRDBP=0.122, CHRDTP=0.075,                               
          SSPN=0.2425, SSPNE=0.2285, SSPNOP=0.0925,                              
          SAVSI=0.0, SAVSO=26.935, TWISTA=-0.5, TYPE=1.0$                        
 CASEID TOTAL: Glider                                                            
0ERROR-WING SECTION CHARACTERISTICS PRESENT BUT PLANFORM ABSENT-MISSING NAME*WGPLNF*
0THIS CASE ABORTED FOR THE ABOVE REASON(S)
 ALL NAMES REFER TO NAMELIST NAMES
0 INPUT DIMENSIONS ARE IN M , SCALE FACTOR IS 1.0000

1 END OF JOB.
